#-----------------------------------------------------------
# Vivado v2020.1 (64-bit)
# SW Build 2902540 on Wed May 27 19:54:49 MDT 2020
# IP Build 2902112 on Wed May 27 22:43:36 MDT 2020
# Start of session at: Wed May  5 11:38:51 2021
# Process ID: 1920
# Current directory: C:/Tutorials/Vivado/simple_RO_post_stress
# Command line: vivado.exe -gui_launcher_event rodinguilauncherevent13832 C:\Tutorials\Vivado\simple_RO_post_stress\simple_RO_post_stress.xpr
# Log file: C:/Tutorials/Vivado/simple_RO_post_stress/vivado.log
# Journal file: C:/Tutorials/Vivado/simple_RO_post_stress\vivado.jou
#-----------------------------------------------------------
start_gui
open_project C:/Tutorials/Vivado/simple_RO_post_stress/simple_RO_post_stress.xpr
Scanning sources...
Finished scanning sources
INFO: [IP_Flow 19-234] Refreshing IP repositories
INFO: [IP_Flow 19-1700] Loaded user IP repository 'c:/Users/quant/ring_oscillator_zynq/Self_heating/AXI4_heater_1.0'.
INFO: [IP_Flow 19-1700] Loaded user IP repository 'c:/Tutorials/Vivado/ip_repo'.
INFO: [IP_Flow 19-2313] Loaded Vivado IP repository 'C:/Xilinx/Vivado/2020.1/data/ip'.
open_project: Time (s): cpu = 00:00:14 ; elapsed = 00:00:06 . Memory (MB): peak = 1199.938 ; gain = 0.000
update_compile_order -fileset sources_1
open_bd_design {C:/Tutorials/Vivado/simple_RO_post_stress/simple_RO_post_stress.srcs/sources_1/bd/design_1/design_1.bd}
Adding component instance block -- xilinx.com:user:AXI_RO:1.0 - RO0
Adding component instance block -- xilinx.com:user:AXI_RO:1.0 - RO2
Adding component instance block -- xilinx.com:user:AXI_RO:1.0 - RO1
Adding component instance block -- xilinx.com:ip:processing_system7:5.5 - processing_system7_0
WARNING: [BD 41-176] The physical port 'S_AXI_GP2_rd_socket' specified in the portmap, is not found on the block! 
WARNING: [BD 41-176] The physical port 'S_AXI_GP2_wr_socket' specified in the portmap, is not found on the block! 
WARNING: [BD 41-176] The physical port 'S_AXI_GP3_rd_socket' specified in the portmap, is not found on the block! 
WARNING: [BD 41-176] The physical port 'S_AXI_GP3_wr_socket' specified in the portmap, is not found on the block! 
Adding component instance block -- xilinx.com:ip:axi_interconnect:2.1 - ps7_0_axi_periph
Adding component instance block -- xilinx.com:ip:axi_crossbar:2.1 - xbar
Adding component instance block -- xilinx.com:ip:axi_protocol_converter:2.1 - auto_pc
Adding component instance block -- xilinx.com:ip:proc_sys_reset:5.0 - rst_ps7_0_100M
Adding component instance block -- xilinx.com:ip:xadc_wiz:3.3 - xadc_wiz_0
Successfully read diagram <design_1> from BD file <C:/Tutorials/Vivado/simple_RO_post_stress/simple_RO_post_stress.srcs/sources_1/bd/design_1/design_1.bd>
open_bd_design: Time (s): cpu = 00:00:07 ; elapsed = 00:00:06 . Memory (MB): peak = 1444.438 ; gain = 57.234
write_bd_tcl -force C:/Tutorials/Vivado/simple_RO_post_stress/design_1.tcl
INFO: [BD 5-148] Tcl file written out <C:/Tutorials/Vivado/simple_RO_post_stress/design_1.tcl>.

launch_runs impl_1 -to_step write_bitstream -jobs 4
[Wed May  5 11:39:37 2021] Launched impl_1...
Run output will be captured here: C:/Tutorials/Vivado/simple_RO_post_stress/simple_RO_post_stress.runs/impl_1/runme.log
open_run impl_1
INFO: [Device 21-403] Loading part xc7z020clg400-1
Netlist sorting complete. Time (s): cpu = 00:00:00 ; elapsed = 00:00:00.132 . Memory (MB): peak = 1463.371 ; gain = 0.000
INFO: [Netlist 29-17] Analyzing 937 Unisim elements for replacement
INFO: [Netlist 29-28] Unisim Transformation completed in 0 CPU seconds
INFO: [Project 1-479] Netlist was created with Vivado 2020.1
INFO: [Project 1-570] Preparing netlist for logic optimization
INFO: [Timing 38-478] Restoring timing data from binary archive.
INFO: [Timing 38-479] Binary timing data restore complete.
INFO: [Project 1-856] Restoring constraints from binary archive.
INFO: [Project 1-853] Binary constraint restore complete.
Reading XDEF placement.
Reading placer database...
Reading XDEF routing.
Read XDEF File: Time (s): cpu = 00:00:00 ; elapsed = 00:00:00.690 . Memory (MB): peak = 2041.098 ; gain = 0.000
Restored from archive | CPU: 0.000000 secs | Memory: 0.000000 MB |
Finished XDEF File Restore: Time (s): cpu = 00:00:00 ; elapsed = 00:00:00.692 . Memory (MB): peak = 2041.098 ; gain = 0.000
Netlist sorting complete. Time (s): cpu = 00:00:00 ; elapsed = 00:00:00.004 . Memory (MB): peak = 2041.098 ; gain = 0.000
INFO: [Project 1-111] Unisim Transformation Summary:
  A total of 54 instances were transformed.
  LUT6_2 => LUT6_2 (LUT5, LUT6): 54 instances

open_run: Time (s): cpu = 00:00:23 ; elapsed = 00:00:17 . Memory (MB): peak = 2185.641 ; gain = 722.270
exit
INFO: [Common 17-206] Exiting Vivado at Wed May  5 11:52:40 2021...
