Copyright 1986-2020 Xilinx, Inc. All Rights Reserved.
------------------------------------------------------------------------------------
| Tool Version : Vivado v.2020.1 (win64) Build 2902540 Wed May 27 19:54:49 MDT 2020
| Date         : Mon May  3 17:56:31 2021
| Host         : DESKTOP-EQ2MGIA running 64-bit major release  (build 9200)
| Command      : upgrade_ip
| Device       : xc7z020clg400-1
------------------------------------------------------------------------------------

Upgrade Log for IP 'design_1_AXI_BTI_2_0_0'

1. Summary
----------

SUCCESS in the upgrade of design_1_AXI_BTI_2_0_0 (xilinx.com:user:AXI_BTI_2:1.0) from (Rev. 3) to (Rev. 4)






Copyright 1986-2020 Xilinx, Inc. All Rights Reserved.
------------------------------------------------------------------------------------
| Tool Version : Vivado v.2020.1 (win64) Build 2902540 Wed May 27 19:54:49 MDT 2020
| Date         : Mon May  3 17:56:31 2021
| Host         : DESKTOP-EQ2MGIA running 64-bit major release  (build 9200)
| Command      : upgrade_ip
| Device       : xc7z020clg400-1
------------------------------------------------------------------------------------

Upgrade Log for IP 'design_1_AXI_BTI_0_0'

1. Summary
----------

SUCCESS in the upgrade of design_1_AXI_BTI_0_0 (xilinx.com:user:AXI_BTI:1.0) from (Rev. 5) to (Rev. 6)






Copyright 1986-2020 Xilinx, Inc. All Rights Reserved.
------------------------------------------------------------------------------------
| Tool Version : Vivado v.2020.1 (win64) Build 2902540 Wed May 27 19:54:49 MDT 2020
| Date         : Mon May  3 17:47:47 2021
| Host         : DESKTOP-EQ2MGIA running 64-bit major release  (build 9200)
| Command      : upgrade_ip
| Device       : xc7z020clg400-1
------------------------------------------------------------------------------------

Upgrade Log for IP 'design_1_AXI_BTI_0_0'

1. Summary
----------

SUCCESS in the conversion of design_1_AXI_BTI_0_0 (xilinx.com:user:AXI_BTI:1.0 (Rev. 5)) to Vivado generation flows.






Copyright 1986-2020 Xilinx, Inc. All Rights Reserved.
------------------------------------------------------------------------------------
| Tool Version : Vivado v.2020.1 (win64) Build 2902540 Wed May 27 19:54:49 MDT 2020
| Date         : Mon May  3 17:46:27 2021
| Host         : DESKTOP-EQ2MGIA running 64-bit major release  (build 9200)
| Command      : upgrade_ip
| Device       : xc7z020clg400-1
------------------------------------------------------------------------------------

Upgrade Log for IP 'design_1_AXI_BTI_2_0_0'

1. Summary
----------

SUCCESS in the conversion of design_1_AXI_BTI_2_0_0 (xilinx.com:user:AXI_BTI_2:1.0 (Rev. 3)) to Vivado generation flows.






Copyright 1986-2020 Xilinx, Inc. All Rights Reserved.
------------------------------------------------------------------------------------
| Tool Version : Vivado v.2020.1 (win64) Build 2902540 Wed May 27 19:54:49 MDT 2020
| Date         : Mon May  3 17:45:01 2021
| Host         : DESKTOP-EQ2MGIA running 64-bit major release  (build 9200)
| Command      : upgrade_ip
| Device       : xc7z020clg400-1
------------------------------------------------------------------------------------

Upgrade Log for IP 'design_1_AXI_BTI_2_0_0'

1. Summary
----------

SUCCESS in the conversion of design_1_AXI_BTI_2_0_0 (xilinx.com:user:AXI_BTI_2:1.0 (Rev. 3)) to Vivado generation flows.






Copyright 1986-2020 Xilinx, Inc. All Rights Reserved.
------------------------------------------------------------------------------------
| Tool Version : Vivado v.2020.1 (win64) Build 2902540 Wed May 27 19:54:49 MDT 2020
| Date         : Mon May  3 15:50:41 2021
| Host         : DESKTOP-EQ2MGIA running 64-bit major release  (build 9200)
| Command      : upgrade_ip
| Device       : xc7z020clg400-1
------------------------------------------------------------------------------------

Upgrade Log for IP 'design_1_AXI_BTI_2_0_0'

1. Summary
----------

SUCCESS in the conversion of design_1_AXI_BTI_2_0_0 (xilinx.com:user:AXI_BTI_2:1.0 (Rev. 3)) to Vivado generation flows.






Copyright 1986-2020 Xilinx, Inc. All Rights Reserved.
------------------------------------------------------------------------------------
| Tool Version : Vivado v.2020.1 (win64) Build 2902540 Wed May 27 19:54:49 MDT 2020
| Date         : Mon May  3 15:50:41 2021
| Host         : DESKTOP-EQ2MGIA running 64-bit major release  (build 9200)
| Command      : upgrade_ip
| Device       : xc7z020clg400-1
------------------------------------------------------------------------------------

Upgrade Log for IP 'design_1_AXI_BTI_0_0'

1. Summary
----------

SUCCESS in the conversion of design_1_AXI_BTI_0_0 (xilinx.com:user:AXI_BTI:1.0 (Rev. 5)) to Vivado generation flows.






Copyright 1986-2020 Xilinx, Inc. All Rights Reserved.
------------------------------------------------------------------------------------
| Tool Version : Vivado v.2020.1 (win64) Build 2902540 Wed May 27 19:54:49 MDT 2020
| Date         : Mon May  3 15:46:15 2021
| Host         : DESKTOP-EQ2MGIA running 64-bit major release  (build 9200)
| Command      : upgrade_ip
| Device       : xc7z020clg400-1
------------------------------------------------------------------------------------

Upgrade Log for IP 'design_1_AXI_BTI_0_0'

1. Summary
----------

SUCCESS in the upgrade of design_1_AXI_BTI_0_0 (xilinx.com:user:AXI_BTI:1.0) from (Rev. 4) to (Rev. 5)






Copyright 1986-2020 Xilinx, Inc. All Rights Reserved.
------------------------------------------------------------------------------------
| Tool Version : Vivado v.2020.1 (win64) Build 2902540 Wed May 27 19:54:49 MDT 2020
| Date         : Mon May  3 15:43:36 2021
| Host         : DESKTOP-EQ2MGIA running 64-bit major release  (build 9200)
| Command      : upgrade_ip
| Device       : xc7z020clg400-1
------------------------------------------------------------------------------------

Upgrade Log for IP 'design_1_AXI_BTI_0_0'

1. Summary
----------

SUCCESS in the conversion of design_1_AXI_BTI_0_0 (xilinx.com:user:AXI_BTI:1.0 (Rev. 4)) to Vivado generation flows.

