#-----------------------------------------------------------
# Vivado v2020.1 (64-bit)
# SW Build 2902540 on Wed May 27 19:54:49 MDT 2020
# IP Build 2902112 on Wed May 27 22:43:36 MDT 2020
# Start of session at: Wed May  5 09:44:37 2021
# Process ID: 1976
# Current directory: C:/Tutorials/Vivado/simple_RO
# Command line: vivado.exe -gui_launcher_event rodinguilauncherevent16732 C:\Tutorials\Vivado\simple_RO\simple_RO.xpr
# Log file: C:/Tutorials/Vivado/simple_RO/vivado.log
# Journal file: C:/Tutorials/Vivado/simple_RO\vivado.jou
#-----------------------------------------------------------
start_gui
open_project C:/Tutorials/Vivado/simple_RO/simple_RO.xpr
Scanning sources...
Finished scanning sources
INFO: [IP_Flow 19-234] Refreshing IP repositories
WARNING: [IP_Flow 19-3685] Ignored loading user repository 'c:/Tutorials/Vivado/ip_repo/AXI_BTI_2_1.0'. The path is contained within another repository.
INFO: [IP_Flow 19-1700] Loaded user IP repository 'c:/Users/quant/ring_oscillator_zynq/Self_heating/AXI4_heater_1.0'.
WARNING: [IP_Flow 19-3685] Ignored loading user repository 'c:/Tutorials/Vivado/ip_repo/AXI_BTI_1.0'. The path is contained within another repository.
INFO: [IP_Flow 19-1700] Loaded user IP repository 'c:/Tutorials/Vivado/ip_repo'.
INFO: [IP_Flow 19-2313] Loaded Vivado IP repository 'C:/Xilinx/Vivado/2020.1/data/ip'.
CRITICAL WARNING: [Common 17-1649] The Vivado message database 'C:/Tutorials/Vivado/simple_RO/simple_RO.runs/synth_1/vivado.pb' contains 30822 messages. Restoring all messages from this message database will impact Vivado performance, so only WARNING, CRITICAL WARNING, and ERROR messages will be restored. To restore all messages from this file use the tcl command 'set_param messaging.loadPbLimit 30823' and re-open the project.
open_project: Time (s): cpu = 00:00:12 ; elapsed = 00:00:05 . Memory (MB): peak = 1016.281 ; gain = 0.000
update_compile_order -fileset sources_1
open_run impl_1
INFO: [Device 21-403] Loading part xc7z020clg400-1
Netlist sorting complete. Time (s): cpu = 00:00:00 ; elapsed = 00:00:00.123 . Memory (MB): peak = 1298.348 ; gain = 0.000
INFO: [Netlist 29-17] Analyzing 709 Unisim elements for replacement
INFO: [Netlist 29-28] Unisim Transformation completed in 0 CPU seconds
INFO: [Project 1-479] Netlist was created with Vivado 2020.1
INFO: [Project 1-570] Preparing netlist for logic optimization
INFO: [Timing 38-478] Restoring timing data from binary archive.
INFO: [Timing 38-479] Binary timing data restore complete.
INFO: [Project 1-856] Restoring constraints from binary archive.
INFO: [Project 1-853] Binary constraint restore complete.
Reading XDEF placement.
Reading placer database...
Reading XDEF routing.
Read XDEF File: Time (s): cpu = 00:00:01 ; elapsed = 00:00:00.806 . Memory (MB): peak = 1937.039 ; gain = 0.000
Restored from archive | CPU: 1.000000 secs | Memory: 0.000000 MB |
Finished XDEF File Restore: Time (s): cpu = 00:00:01 ; elapsed = 00:00:00.806 . Memory (MB): peak = 1937.039 ; gain = 0.000
Netlist sorting complete. Time (s): cpu = 00:00:00 ; elapsed = 00:00:00.009 . Memory (MB): peak = 1937.039 ; gain = 0.000
INFO: [Project 1-111] Unisim Transformation Summary:
  A total of 18 instances were transformed.
  LUT6_2 => LUT6_2 (LUT5, LUT6): 18 instances

open_run: Time (s): cpu = 00:00:22 ; elapsed = 00:00:17 . Memory (MB): peak = 2070.164 ; gain = 889.242
exit
INFO: [Common 17-206] Exiting Vivado at Wed May  5 10:37:38 2021...
