Copyright 1986-2020 Xilinx, Inc. All Rights Reserved.
---------------------------------------------------------------------------------------------
| Tool Version : Vivado v.2020.1 (win64) Build 2902540 Wed May 27 19:54:49 MDT 2020
| Date         : Thu May 13 17:47:52 2021
| Host         : DESKTOP-EQ2MGIA running 64-bit major release  (build 9200)
| Command      : report_control_sets -verbose -file design_1_wrapper_control_sets_placed.rpt
| Design       : design_1_wrapper
| Device       : xc7z020
---------------------------------------------------------------------------------------------

Control Set Information

Table of Contents
-----------------
1. Summary
2. Histogram
3. Flip-Flop Distribution
4. Detailed Control Set Information

1. Summary
----------

+----------------------------------------------------------+-------+
|                          Status                          | Count |
+----------------------------------------------------------+-------+
| Total control sets                                       |    73 |
|    Minimum number of control sets                        |    73 |
|    Addition due to synthesis replication                 |     0 |
|    Addition due to physical synthesis replication        |     0 |
| Unused register locations in slices containing registers |   108 |
+----------------------------------------------------------+-------+
* Control sets can be merged at opt_design using control_set_merge or merge_equivalent_drivers
** Run report_qor_suggestions for automated merging and remapping suggestions


2. Histogram
------------

+--------------------+-------+
|       Fanout       | Count |
+--------------------+-------+
| Total control sets |    73 |
| >= 0 to < 4        |     1 |
| >= 4 to < 6        |     6 |
| >= 6 to < 8        |    12 |
| >= 8 to < 10       |     1 |
| >= 10 to < 12      |     1 |
| >= 12 to < 14      |     5 |
| >= 14 to < 16      |     3 |
| >= 16              |    44 |
+--------------------+-------+
* Control sets can be remapped at either synth_design or opt_design


3. Flip-Flop Distribution
-------------------------

+--------------+-----------------------+------------------------+-----------------+--------------+
| Clock Enable | Synchronous Set/Reset | Asynchronous Set/Reset | Total Registers | Total Slices |
+--------------+-----------------------+------------------------+-----------------+--------------+
| No           | No                    | No                     |             812 |          312 |
| No           | No                    | Yes                    |               0 |            0 |
| No           | Yes                   | No                     |             710 |          189 |
| Yes          | No                    | No                     |             445 |          110 |
| Yes          | No                    | Yes                    |               0 |            0 |
| Yes          | Yes                   | No                     |             309 |          197 |
+--------------+-----------------------+------------------------+-----------------+--------------+


4. Detailed Control Set Information
-----------------------------------

+---------------------------------------------------------------+----------------------------------------------------------------------------------------------------------------------------------------------------------------+-------------------------------------------------------------------------------------------------------------------------------------+------------------+----------------+--------------+
|                          Clock Signal                         |                                                                          Enable Signal                                                                         |                                                           Set/Reset Signal                                                          | Slice Load Count | Bel Load Count | Bels / Slice |
+---------------------------------------------------------------+----------------------------------------------------------------------------------------------------------------------------------------------------------------+-------------------------------------------------------------------------------------------------------------------------------------+------------------+----------------+--------------+
|  design_1_i/processing_system7_0/inst/FCLK_CLK0               | design_1_i/ps7_0_axi_periph/s00_couplers/auto_pc/inst/gen_axilite.gen_b2s_conv.axilite_b2s/WR.b_channel_0/bid_fifo_0/bresp_push                                |                                                                                                                                     |                1 |              2 |         2.00 |
|  design_1_i/processing_system7_0/inst/FCLK_CLK0               |                                                                                                                                                                | design_1_i/ps7_0_axi_periph/s00_couplers/auto_pc/inst/gen_axilite.gen_b2s_conv.axilite_b2s/SI_REG/ar.ar_pipe/aresetn_d_reg[1]_inv_0 |                2 |              4 |         2.00 |
|  design_1_i/processing_system7_0/inst/FCLK_CLK0               |                                                                                                                                                                | design_1_i/rst_ps7_0_100M/U0/EXT_LPF/lpf_int                                                                                        |                2 |              4 |         2.00 |
|  design_1_i/processing_system7_0/inst/FCLK_CLK0               | design_1_i/Temp_sensor/inst/AXI_XADC_CORE_I/D[6]                                                                                                               | design_1_i/Temp_sensor/inst/AXI_LITE_IPIF_I/I_SLAVE_ATTACHMENT/reset2ip_reset                                                       |                1 |              4 |         4.00 |
|  design_1_i/processing_system7_0/inst/FCLK_CLK0               |                                                                                                                                                                | design_1_i/ps7_0_axi_periph/s00_couplers/auto_pc/inst/gen_axilite.gen_b2s_conv.axilite_b2s/SI_REG/aw.aw_pipe/aresetn_d_reg[0]_0     |                1 |              4 |         4.00 |
|  design_1_i/processing_system7_0/inst/FCLK_CLK0               | design_1_i/ps7_0_axi_periph/s00_couplers/auto_pc/inst/gen_axilite.gen_b2s_conv.axilite_b2s/RD.r_channel_0/transaction_fifo_0/cnt_read[4]_i_1__0_n_0            | design_1_i/ps7_0_axi_periph/s00_couplers/auto_pc/inst/gen_axilite.gen_b2s_conv.axilite_b2s/areset_d1                                |                2 |              5 |         2.50 |
|  design_1_i/processing_system7_0/inst/FCLK_CLK0               | design_1_i/ps7_0_axi_periph/s00_couplers/auto_pc/inst/gen_axilite.gen_b2s_conv.axilite_b2s/RD.r_channel_0/rd_data_fifo_0/cnt_read[4]_i_1_n_0                   | design_1_i/ps7_0_axi_periph/s00_couplers/auto_pc/inst/gen_axilite.gen_b2s_conv.axilite_b2s/areset_d1                                |                1 |              5 |         5.00 |
|  design_1_i/processing_system7_0/inst/FCLK_CLK0               |                                                                                                                                                                | design_1_i/RO0/inst/AXI_counter_v1_0_S00_AXI_inst/p_0_in                                                                            |                2 |              6 |         3.00 |
|  design_1_i/processing_system7_0/inst/FCLK_CLK0               |                                                                                                                                                                | design_1_i/RO4/inst/AXI_counter_v1_0_S00_AXI_inst/p_0_in                                                                            |                2 |              6 |         3.00 |
|  design_1_i/processing_system7_0/inst/FCLK_CLK0               |                                                                                                                                                                | design_1_i/RO1/inst/AXI_counter_v1_0_S00_AXI_inst/p_0_in                                                                            |                2 |              6 |         3.00 |
|  design_1_i/processing_system7_0/inst/FCLK_CLK0               |                                                                                                                                                                | design_1_i/RO3/inst/AXI_counter_v1_0_S00_AXI_inst/p_0_in                                                                            |                2 |              6 |         3.00 |
|  design_1_i/processing_system7_0/inst/FCLK_CLK0               |                                                                                                                                                                | design_1_i/RO2/inst/AXI_counter_v1_0_S00_AXI_inst/p_0_in                                                                            |                2 |              6 |         3.00 |
|  design_1_i/processing_system7_0/inst/FCLK_CLK0               | design_1_i/rst_ps7_0_100M/U0/SEQ/seq_cnt_en                                                                                                                    | design_1_i/rst_ps7_0_100M/U0/SEQ/SEQ_COUNTER/clear                                                                                  |                1 |              6 |         6.00 |
|  design_1_i/processing_system7_0/inst/FCLK_CLK0               | design_1_i/RO3/inst/AXI_counter_v1_0_S00_AXI_inst/axi_arready0                                                                                                 | design_1_i/RO3/inst/AXI_counter_v1_0_S00_AXI_inst/p_0_in                                                                            |                1 |              7 |         7.00 |
|  design_1_i/processing_system7_0/inst/FCLK_CLK0               | design_1_i/RO2/inst/AXI_counter_v1_0_S00_AXI_inst/axi_arready0                                                                                                 | design_1_i/RO2/inst/AXI_counter_v1_0_S00_AXI_inst/p_0_in                                                                            |                2 |              7 |         3.50 |
|  design_1_i/processing_system7_0/inst/FCLK_CLK0               |                                                                                                                                                                | design_1_i/Temp_sensor/inst/AXI_LITE_IPIF_I/I_SLAVE_ATTACHMENT/dpto_cnt0                                                            |                2 |              7 |         3.50 |
|  design_1_i/processing_system7_0/inst/FCLK_CLK0               | design_1_i/RO0/inst/AXI_counter_v1_0_S00_AXI_inst/axi_arready0                                                                                                 | design_1_i/RO0/inst/AXI_counter_v1_0_S00_AXI_inst/p_0_in                                                                            |                1 |              7 |         7.00 |
|  design_1_i/processing_system7_0/inst/FCLK_CLK0               | design_1_i/RO4/inst/AXI_counter_v1_0_S00_AXI_inst/axi_arready0                                                                                                 | design_1_i/RO4/inst/AXI_counter_v1_0_S00_AXI_inst/p_0_in                                                                            |                2 |              7 |         3.50 |
|  design_1_i/processing_system7_0/inst/FCLK_CLK0               | design_1_i/RO1/inst/AXI_counter_v1_0_S00_AXI_inst/axi_arready0                                                                                                 | design_1_i/RO1/inst/AXI_counter_v1_0_S00_AXI_inst/p_0_in                                                                            |                2 |              7 |         3.50 |
|  design_1_i/processing_system7_0/inst/FCLK_CLK0               | design_1_i/ps7_0_axi_periph/s00_couplers/auto_pc/inst/gen_axilite.gen_b2s_conv.axilite_b2s/WR.b_channel_0/mhandshake_r                                         | design_1_i/ps7_0_axi_periph/s00_couplers/auto_pc/inst/gen_axilite.gen_b2s_conv.axilite_b2s/WR.b_channel_0/bid_fifo_0/SR[0]          |                3 |              8 |         2.67 |
|  design_1_i/processing_system7_0/inst/FCLK_CLK0               |                                                                                                                                                                | design_1_i/ps7_0_axi_periph/s00_couplers/auto_pc/inst/gen_axilite.gen_b2s_conv.axilite_b2s/areset_d1                                |                5 |             10 |         2.00 |
|  design_1_i/processing_system7_0/inst/FCLK_CLK0               | design_1_i/ps7_0_axi_periph/s00_couplers/auto_pc/inst/gen_axilite.gen_b2s_conv.axilite_b2s/RD.ar_channel_0/ar_cmd_fsm_0/sel_first_reg[0]                       |                                                                                                                                     |                3 |             12 |         4.00 |
|  design_1_i/processing_system7_0/inst/FCLK_CLK0               | design_1_i/ps7_0_axi_periph/s00_couplers/auto_pc/inst/gen_axilite.gen_b2s_conv.axilite_b2s/RD.ar_channel_0/ar_cmd_fsm_0/E[0]                                   |                                                                                                                                     |                4 |             12 |         3.00 |
|  design_1_i/processing_system7_0/inst/FCLK_CLK0               | design_1_i/ps7_0_axi_periph/s00_couplers/auto_pc/inst/gen_axilite.gen_b2s_conv.axilite_b2s/WR.aw_channel_0/cmd_translator_0/incr_cmd_0/axaddr_incr[11]_i_1_n_0 |                                                                                                                                     |                3 |             12 |         4.00 |
|  design_1_i/processing_system7_0/inst/FCLK_CLK0               | design_1_i/ps7_0_axi_periph/s00_couplers/auto_pc/inst/gen_axilite.gen_b2s_conv.axilite_b2s/WR.aw_channel_0/aw_cmd_fsm_0/FSM_sequential_state_reg[1]_0[0]       |                                                                                                                                     |                6 |             12 |         2.00 |
|  design_1_i/processing_system7_0/inst/FCLK_CLK0               | design_1_i/ps7_0_axi_periph/s00_couplers/auto_pc/inst/gen_axilite.gen_b2s_conv.axilite_b2s/RD.r_channel_0/r_push_r                                             |                                                                                                                                     |                4 |             13 |         3.25 |
|  design_1_i/processing_system7_0/inst/FCLK_CLK0               | design_1_i/ps7_0_axi_periph/s00_couplers/auto_pc/inst/gen_axilite.gen_b2s_conv.axilite_b2s/SI_REG/b.b_pipe/s_ready_i_reg_0                                     |                                                                                                                                     |                2 |             14 |         7.00 |
|  design_1_i/processing_system7_0/inst/FCLK_CLK0               |                                                                                                                                                                | design_1_i/ps7_0_axi_periph/xbar/inst/gen_sasd.crossbar_sasd_0/addr_arbiter_inst/SR[0]                                              |                4 |             14 |         3.50 |
|  design_1_i/processing_system7_0/inst/FCLK_CLK0               | design_1_i/ps7_0_axi_periph/s00_couplers/auto_pc/inst/gen_axilite.gen_b2s_conv.axilite_b2s/SI_REG/b.b_pipe/p_1_in                                              |                                                                                                                                     |                2 |             14 |         7.00 |
|  design_1_i/processing_system7_0/inst/FCLK_CLK0               |                                                                                                                                                                | design_1_i/Temp_sensor/inst/AXI_XADC_CORE_I/do_reg[15]_i_1_n_0                                                                      |                4 |             16 |         4.00 |
|  design_1_i/processing_system7_0/inst/FCLK_CLK0               | design_1_i/ps7_0_axi_periph/s00_couplers/auto_pc/inst/gen_axilite.gen_b2s_conv.axilite_b2s/WR.b_channel_0/bid_fifo_0/sel                                       |                                                                                                                                     |                3 |             16 |         5.33 |
|  design_1_i/processing_system7_0/inst/FCLK_CLK0               | design_1_i/Temp_sensor/inst/AXI_LITE_IPIF_I/I_SLAVE_ATTACHMENT/I_DECODER/E[0]                                                                                  | design_1_i/Temp_sensor/inst/AXI_LITE_IPIF_I/I_SLAVE_ATTACHMENT/reset2ip_reset                                                       |                9 |             17 |         1.89 |
|  design_1_i/processing_system7_0/inst/FCLK_CLK0               | design_1_i/Temp_sensor/inst/AXI_LITE_IPIF_I/I_SLAVE_ATTACHMENT/s_axi_rresp_i                                                                                   | design_1_i/Temp_sensor/inst/AXI_LITE_IPIF_I/I_SLAVE_ATTACHMENT/SR[0]                                                                |                9 |             20 |         2.22 |
|  design_1_i/processing_system7_0/inst/FCLK_CLK0               | design_1_i/ps7_0_axi_periph/s00_couplers/auto_pc/inst/gen_axilite.gen_b2s_conv.axilite_b2s/RD.ar_channel_0/ar_cmd_fsm_0/m_valid_i_reg[0]                       |                                                                                                                                     |                8 |             24 |         3.00 |
|  design_1_i/processing_system7_0/inst/FCLK_CLK0               | design_1_i/ps7_0_axi_periph/s00_couplers/auto_pc/inst/gen_axilite.gen_b2s_conv.axilite_b2s/WR.aw_channel_0/aw_cmd_fsm_0/E[0]                                   |                                                                                                                                     |               10 |             24 |         2.40 |
|  design_1_i/processing_system7_0/inst/FCLK_CLK0               | design_1_i/ps7_0_axi_periph/xbar/inst/gen_sasd.crossbar_sasd_0/addr_arbiter_inst/p_0_in1_in                                                                    | design_1_i/ps7_0_axi_periph/xbar/inst/gen_sasd.crossbar_sasd_0/addr_arbiter_inst/SR[0]                                              |                7 |             24 |         3.43 |
|  design_1_i/processing_system7_0/inst/FCLK_CLK0               | design_1_i/Temp_sensor/inst/AXI_LITE_IPIF_I/I_SLAVE_ATTACHMENT/I_DECODER/start                                                                                 | design_1_i/Temp_sensor/inst/AXI_LITE_IPIF_I/I_SLAVE_ATTACHMENT/I_DECODER/cs_ce_clr                                                  |                9 |             25 |         2.78 |
|  design_1_i/processing_system7_0/inst/FCLK_CLK0               |                                                                                                                                                                | design_1_i/Temp_sensor/inst/AXI_LITE_IPIF_I/I_SLAVE_ATTACHMENT/SR[0]                                                                |                7 |             26 |         3.71 |
|  design_1_i/processing_system7_0/inst/FCLK_CLK0               | design_1_i/RO0/inst/AXI_counter_v1_0_S00_AXI_inst/slv_reg_rden__0                                                                                              | design_1_i/RO0/inst/AXI_counter_v1_0_S00_AXI_inst/p_0_in                                                                            |               31 |             32 |         1.03 |
|  design_1_i/RO2/inst/RO[0].nolabel_line95/LUT6_2_inst/O5      |                                                                                                                                                                | design_1_i/RO2/inst/frequency_counter_instance/clk_done_BUFG                                                                        |                8 |             32 |         4.00 |
|  design_1_i/RO3/inst/RO[1].nolabel_line95/LUT6_2_inst/O5      |                                                                                                                                                                | design_1_i/RO3/inst/frequency_counter_instance/clk_done_BUFG                                                                        |                8 |             32 |         4.00 |
|  design_1_i/RO3/inst/RO[2].nolabel_line95/LUT6_2_inst/O5      |                                                                                                                                                                | design_1_i/RO3/inst/frequency_counter_instance/clk_done_BUFG                                                                        |                8 |             32 |         4.00 |
|  design_1_i/RO3/inst/RO[0].nolabel_line95/LUT6_2_inst/O5      |                                                                                                                                                                | design_1_i/RO3/inst/frequency_counter_instance/clk_done_BUFG                                                                        |                8 |             32 |         4.00 |
|  design_1_i/RO2/inst/RO[2].nolabel_line95/LUT6_2_inst/O5      |                                                                                                                                                                | design_1_i/RO2/inst/frequency_counter_instance/clk_done_BUFG                                                                        |                8 |             32 |         4.00 |
|  design_1_i/RO4/inst/RO[0].nolabel_line95/LUT6_2_inst/O5      |                                                                                                                                                                | design_1_i/RO4/inst/frequency_counter_instance/clk_done_BUFG                                                                        |                8 |             32 |         4.00 |
|  design_1_i/RO4/inst/RO[2].nolabel_line95/LUT6_2_inst/O5      |                                                                                                                                                                | design_1_i/RO4/inst/frequency_counter_instance/clk_done_BUFG                                                                        |                8 |             32 |         4.00 |
|  design_1_i/RO4/inst/RO[1].nolabel_line95/LUT6_2_inst/O5      |                                                                                                                                                                | design_1_i/RO4/inst/frequency_counter_instance/clk_done_BUFG                                                                        |                8 |             32 |         4.00 |
|  design_1_i/processing_system7_0/inst/FCLK_CLK0               | design_1_i/RO3/inst/AXI_counter_v1_0_S00_AXI_inst/slv_reg_rden__0                                                                                              | design_1_i/RO3/inst/AXI_counter_v1_0_S00_AXI_inst/p_0_in                                                                            |               30 |             32 |         1.07 |
|  design_1_i/processing_system7_0/inst/FCLK_CLK0               | design_1_i/RO2/inst/AXI_counter_v1_0_S00_AXI_inst/slv_reg_rden__0                                                                                              | design_1_i/RO2/inst/AXI_counter_v1_0_S00_AXI_inst/p_0_in                                                                            |               27 |             32 |         1.19 |
|  design_1_i/RO2/inst/RO[1].nolabel_line95/LUT6_2_inst/O5      |                                                                                                                                                                | design_1_i/RO2/inst/frequency_counter_instance/clk_done_BUFG                                                                        |                8 |             32 |         4.00 |
|  design_1_i/processing_system7_0/inst/FCLK_CLK0               | design_1_i/RO4/inst/AXI_counter_v1_0_S00_AXI_inst/slv_reg_rden__0                                                                                              | design_1_i/RO4/inst/AXI_counter_v1_0_S00_AXI_inst/p_0_in                                                                            |               28 |             32 |         1.14 |
|  design_1_i/processing_system7_0/inst/FCLK_CLK0               | design_1_i/RO1/inst/AXI_counter_v1_0_S00_AXI_inst/slv_reg_rden__0                                                                                              | design_1_i/RO1/inst/AXI_counter_v1_0_S00_AXI_inst/p_0_in                                                                            |               31 |             32 |         1.03 |
|  design_1_i/RO0/inst/RO[0].nolabel_line95/LUT6_2_inst/O5      |                                                                                                                                                                | design_1_i/RO0/inst/frequency_counter_instance/clk_done_BUFG                                                                        |                8 |             32 |         4.00 |
|  design_1_i/RO0/inst/RO[1].nolabel_line95/LUT6_2_inst/O5      |                                                                                                                                                                | design_1_i/RO0/inst/frequency_counter_instance/clk_done_BUFG                                                                        |                8 |             32 |         4.00 |
|  design_1_i/RO0/inst/RO[2].nolabel_line95/LUT6_2_inst/O5      |                                                                                                                                                                | design_1_i/RO0/inst/frequency_counter_instance/clk_done_BUFG                                                                        |                8 |             32 |         4.00 |
|  design_1_i/RO1/inst/RO[0].nolabel_line95/LUT6_2_inst/O5      |                                                                                                                                                                | design_1_i/RO1/inst/frequency_counter_instance/clk_done_BUFG                                                                        |                8 |             32 |         4.00 |
|  design_1_i/RO1/inst/RO[2].nolabel_line95/LUT6_2_inst/O5      |                                                                                                                                                                | design_1_i/RO1/inst/frequency_counter_instance/clk_done_BUFG                                                                        |                8 |             32 |         4.00 |
|  design_1_i/RO1/inst/RO[1].nolabel_line95/LUT6_2_inst/O5      |                                                                                                                                                                | design_1_i/RO1/inst/frequency_counter_instance/clk_done_BUFG                                                                        |                8 |             32 |         4.00 |
|  design_1_i/processing_system7_0/inst/FCLK_CLK0               | design_1_i/ps7_0_axi_periph/s00_couplers/auto_pc/inst/gen_axilite.gen_b2s_conv.axilite_b2s/RD.r_channel_0/rd_data_fifo_0/wr_en0                                |                                                                                                                                     |                9 |             34 |         3.78 |
|  design_1_i/processing_system7_0/inst/FCLK_CLK0               | design_1_i/ps7_0_axi_periph/xbar/inst/gen_sasd.crossbar_sasd_0/addr_arbiter_inst/E[0]                                                                          |                                                                                                                                     |               14 |             35 |         2.50 |
|  design_1_i/processing_system7_0/inst/FCLK_CLK0               | design_1_i/ps7_0_axi_periph/s00_couplers/auto_pc/inst/gen_axilite.gen_b2s_conv.axilite_b2s/SI_REG/r.r_pipe/p_1_in                                              |                                                                                                                                     |                7 |             47 |         6.71 |
|  design_1_i/processing_system7_0/inst/FCLK_CLK0               | design_1_i/ps7_0_axi_periph/s00_couplers/auto_pc/inst/gen_axilite.gen_b2s_conv.axilite_b2s/SI_REG/r.r_pipe/s_ready_i_reg_0                                     |                                                                                                                                     |               10 |             47 |         4.70 |
|  design_1_i/processing_system7_0/inst/FCLK_CLK0               | design_1_i/ps7_0_axi_periph/s00_couplers/auto_pc/inst/gen_axilite.gen_b2s_conv.axilite_b2s/WR.b_channel_0/bid_fifo_0/E[0]                                      |                                                                                                                                     |                9 |             48 |         5.33 |
|  design_1_i/processing_system7_0/inst/FCLK_CLK0               | design_1_i/ps7_0_axi_periph/s00_couplers/auto_pc/inst/gen_axilite.gen_b2s_conv.axilite_b2s/RD.ar_channel_0/ar_cmd_fsm_0/m_valid_i_reg_1[0]                     |                                                                                                                                     |                9 |             48 |         5.33 |
|  design_1_i/processing_system7_0/inst/FCLK_CLK0               | design_1_i/ps7_0_axi_periph/s00_couplers/auto_pc/inst/gen_axilite.gen_b2s_conv.axilite_b2s/SI_REG/ar.ar_pipe/s_ready_i_reg_0                                   |                                                                                                                                     |               12 |             48 |         4.00 |
|  design_1_i/processing_system7_0/inst/FCLK_CLK0               | design_1_i/ps7_0_axi_periph/s00_couplers/auto_pc/inst/gen_axilite.gen_b2s_conv.axilite_b2s/SI_REG/aw.aw_pipe/s_ready_i_reg_0                                   |                                                                                                                                     |               11 |             48 |         4.36 |
|  design_1_i/RO3/inst/frequency_counter_instance/clk_done_BUFG |                                                                                                                                                                |                                                                                                                                     |               38 |             96 |         2.53 |
|  design_1_i/RO4/inst/frequency_counter_instance/clk_done_BUFG |                                                                                                                                                                |                                                                                                                                     |               41 |             96 |         2.34 |
|  design_1_i/RO2/inst/frequency_counter_instance/clk_done_BUFG |                                                                                                                                                                |                                                                                                                                     |               39 |             96 |         2.46 |
|  design_1_i/RO0/inst/frequency_counter_instance/clk_done_BUFG |                                                                                                                                                                |                                                                                                                                     |               36 |             96 |         2.67 |
|  design_1_i/RO1/inst/frequency_counter_instance/clk_done_BUFG |                                                                                                                                                                |                                                                                                                                     |               36 |             96 |         2.67 |
|  design_1_i/processing_system7_0/inst/FCLK_CLK0               |                                                                                                                                                                | design_1_i/Temp_sensor/inst/AXI_LITE_IPIF_I/I_SLAVE_ATTACHMENT/reset2ip_reset                                                       |               32 |            115 |         3.59 |
|  design_1_i/processing_system7_0/inst/FCLK_CLK0               |                                                                                                                                                                |                                                                                                                                     |              123 |            333 |         2.71 |
+---------------------------------------------------------------+----------------------------------------------------------------------------------------------------------------------------------------------------------------+-------------------------------------------------------------------------------------------------------------------------------------+------------------+----------------+--------------+


