#-----------------------------------------------------------
# Vivado v2020.1 (64-bit)
# SW Build 2902540 on Wed May 27 19:54:49 MDT 2020
# IP Build 2902112 on Wed May 27 22:43:36 MDT 2020
# Start of session at: Thu May 13 16:53:15 2021
# Process ID: 19844
# Current directory: C:/Tutorials/Vivado/parvez_ro_during
# Command line: vivado.exe -gui_launcher_event rodinguilauncherevent8108 C:\Tutorials\Vivado\parvez_ro_during\parvez_ro_during.xpr
# Log file: C:/Tutorials/Vivado/parvez_ro_during/vivado.log
# Journal file: C:/Tutorials/Vivado/parvez_ro_during\vivado.jou
#-----------------------------------------------------------
start_gui
open_project C:/Tutorials/Vivado/parvez_ro_during/parvez_ro_during.xpr
Scanning sources...
Finished scanning sources
INFO: [IP_Flow 19-234] Refreshing IP repositories
INFO: [IP_Flow 19-1700] Loaded user IP repository 'c:/Tutorials/Vivado/ip_repo'.
INFO: [IP_Flow 19-2313] Loaded Vivado IP repository 'C:/Xilinx/Vivado/2020.1/data/ip'.
update_compile_order -fileset sources_1
open_run impl_1
INFO: [Device 21-403] Loading part xc7z020clg400-1
Netlist sorting complete. Time (s): cpu = 00:00:00 ; elapsed = 00:00:00.127 . Memory (MB): peak = 1551.355 ; gain = 0.000
INFO: [Netlist 29-17] Analyzing 867 Unisim elements for replacement
INFO: [Netlist 29-28] Unisim Transformation completed in 1 CPU seconds
INFO: [Project 1-479] Netlist was created with Vivado 2020.1
INFO: [Project 1-570] Preparing netlist for logic optimization
INFO: [Timing 38-478] Restoring timing data from binary archive.
INFO: [Timing 38-479] Binary timing data restore complete.
INFO: [Project 1-856] Restoring constraints from binary archive.
INFO: [Project 1-853] Binary constraint restore complete.
Reading XDEF placement.
Reading placer database...
Reading XDEF routing.
Read XDEF File: Time (s): cpu = 00:00:00 ; elapsed = 00:00:00.676 . Memory (MB): peak = 1889.234 ; gain = 0.000
Restored from archive | CPU: 0.000000 secs | Memory: 0.000000 MB |
Finished XDEF File Restore: Time (s): cpu = 00:00:00 ; elapsed = 00:00:00.676 . Memory (MB): peak = 1889.234 ; gain = 0.000
Netlist sorting complete. Time (s): cpu = 00:00:00 ; elapsed = 00:00:00.002 . Memory (MB): peak = 1889.234 ; gain = 0.000
INFO: [Project 1-111] Unisim Transformation Summary:
  A total of 15 instances were transformed.
  LUT6_2 => LUT6_2 (LUT5, LUT6): 15 instances

open_run: Time (s): cpu = 00:00:23 ; elapsed = 00:00:17 . Memory (MB): peak = 2025.035 ; gain = 761.816
open_bd_design {C:/Tutorials/Vivado/parvez_ro_during/parvez_ro_during.srcs/sources_1/bd/design_1/design_1.bd}
Adding component instance block -- xilinx.com:ip:processing_system7:5.5 - processing_system7_0
WARNING: [BD 41-176] The physical port 'S_AXI_GP2_rd_socket' specified in the portmap, is not found on the block! 
WARNING: [BD 41-176] The physical port 'S_AXI_GP2_wr_socket' specified in the portmap, is not found on the block! 
WARNING: [BD 41-176] The physical port 'S_AXI_GP3_rd_socket' specified in the portmap, is not found on the block! 
WARNING: [BD 41-176] The physical port 'S_AXI_GP3_wr_socket' specified in the portmap, is not found on the block! 
Adding component instance block -- xilinx.com:user:AXI_RO:1.0 - RO0
Adding component instance block -- xilinx.com:ip:axi_interconnect:2.1 - ps7_0_axi_periph
Adding component instance block -- xilinx.com:ip:axi_crossbar:2.1 - xbar
Adding component instance block -- xilinx.com:ip:axi_protocol_converter:2.1 - auto_pc
Adding component instance block -- xilinx.com:ip:proc_sys_reset:5.0 - rst_ps7_0_100M
Adding component instance block -- xilinx.com:user:AXI_BTI:1.0 - BTI0
Adding component instance block -- xilinx.com:user:AXI_BTI_2:1.0 - BTI1
Adding component instance block -- xilinx.com:user:AXI_RO:1.0 - RO3
Adding component instance block -- xilinx.com:user:AXI_RO:1.0 - RO4
Successfully read diagram <design_1> from BD file <C:/Tutorials/Vivado/parvez_ro_during/parvez_ro_during.srcs/sources_1/bd/design_1/design_1.bd>
open_bd_design: Time (s): cpu = 00:00:06 ; elapsed = 00:00:05 . Memory (MB): peak = 2285.965 ; gain = 53.875
open_bd_design {C:/Tutorials/Vivado/parvez_ro_during/parvez_ro_during.srcs/sources_1/bd/design_1/design_1.bd}
reset_run synth_1
launch_runs impl_1 -to_step write_bitstream -jobs 4
[Thu May 13 17:05:50 2021] Launched synth_1...
Run output will be captured here: C:/Tutorials/Vivado/parvez_ro_during/parvez_ro_during.runs/synth_1/runme.log
[Thu May 13 17:05:50 2021] Launched impl_1...
Run output will be captured here: C:/Tutorials/Vivado/parvez_ro_during/parvez_ro_during.runs/impl_1/runme.log
create_ip_run [get_files -of_objects [get_fileset sources_1] C:/Tutorials/Vivado/parvez_ro_during/parvez_ro_during.srcs/sources_1/bd/design_1/design_1.bd]
refresh_design
Netlist sorting complete. Time (s): cpu = 00:00:00 ; elapsed = 00:00:00.137 . Memory (MB): peak = 2387.164 ; gain = 0.000
INFO: [Netlist 29-17] Analyzing 867 Unisim elements for replacement
INFO: [Netlist 29-28] Unisim Transformation completed in 0 CPU seconds
INFO: [Project 1-479] Netlist was created with Vivado 2020.1
INFO: [Project 1-570] Preparing netlist for logic optimization
INFO: [Timing 38-478] Restoring timing data from binary archive.
INFO: [Timing 38-479] Binary timing data restore complete.
INFO: [Project 1-856] Restoring constraints from binary archive.
INFO: [Project 1-853] Binary constraint restore complete.
Reading XDEF placement.
Reading placer database...
Reading XDEF routing.
Read XDEF File: Time (s): cpu = 00:00:01 ; elapsed = 00:00:00.646 . Memory (MB): peak = 2387.164 ; gain = 0.000
Restored from archive | CPU: 1.000000 secs | Memory: 0.000000 MB |
Finished XDEF File Restore: Time (s): cpu = 00:00:01 ; elapsed = 00:00:00.647 . Memory (MB): peak = 2387.164 ; gain = 0.000
refresh_design: Time (s): cpu = 00:00:09 ; elapsed = 00:00:05 . Memory (MB): peak = 2600.188 ; gain = 213.023
exit
INFO: [Common 17-206] Exiting Vivado at Thu May 13 17:12:37 2021...
